
Oct 01, 2022 15:16:28.544 NEW SESSION
Oct 01, 2022 15:16:28.545 [13152:5020:1001/151628.542:ERROR:device_event_log_impl.cc(214)] [15:16:28.542] USB: usb_device_handle_win.cc:1048 Failed to read descriptor from node connection: A device attached to the system is not functioning. (0x1F)
Oct 01, 2022 15:17:00.13 [15928:25052:1001/151700.012:ERROR:device_event_log_impl.cc(214)] [15:17:00.012] USB: usb_device_handle_win.cc:1048 Failed to read descriptor from node connection: A device attached to the system is not functioning. (0x1F)
Oct 01, 2022 15:17:57.835 [15928:10632:1001/151757.835:ERROR:util.cc(129)] Can't create base directory: C:\Program Files\Google\GoogleUpdater

Oct 17, 2022 19:35:26.182 NEW SESSION
Oct 17, 2022 19:35:26.182 [3540:21224:1017/193526.179:ERROR:device_event_log_impl.cc(214)] [19:35:26.180] USB: usb_device_handle_win.cc:1048 Failed to read descriptor from node connection: A device attached to the system is not functioning. (0x1F)
Oct 17, 2022 19:35:26.441 [3540:31148:1017/193526.440:ERROR:connection_factory_impl.cc(425)] Failed to connect to MCS endpoint with error -105
Oct 17, 2022 19:35:26.441 [3540:31148:1017/193526.441:ERROR:registration_request.cc(249)] Registration URL fetching failed.
Oct 17, 2022 19:35:26.441 [3540:31148:1017/193526.441:ERROR:registration_request.cc(249)] Registration URL fetching failed.
Oct 17, 2022 19:35:26.442 [3540:31148:1017/193526.441:ERROR:registration_request.cc(249)] Registration URL fetching failed.
Oct 17, 2022 19:35:26.442 [3540:31148:1017/193526.441:ERROR:registration_request.cc(249)] Registration URL fetching failed.
Oct 17, 2022 19:35:48.272 [3540:31148:1017/193548.271:ERROR:connection_factory_impl.cc(425)] Failed to connect to MCS endpoint with error -105
Oct 17, 2022 19:35:49.93 [3540:31148:1017/193549.092:ERROR:registration_request.cc(249)] Registration URL fetching failed.
Oct 17, 2022 19:35:51.253 [3540:31148:1017/193551.253:ERROR:registration_request.cc(249)] Registration URL fetching failed.
Oct 17, 2022 19:35:54.494 [3540:31148:1017/193554.493:ERROR:registration_request.cc(249)] Registration URL fetching failed.
Oct 17, 2022 19:35:56.168 [3540:31148:1017/193556.167:ERROR:registration_request.cc(249)] Registration URL fetching failed.
Oct 17, 2022 19:36:23.291 [3540:18544:1017/193623.290:ERROR:util.cc(129)] Can't create base directory: C:\Program Files\Google\GoogleUpdater
Oct 17, 2022 19:36:38.304 [3540:31148:1017/193638.304:ERROR:connection_factory_impl.cc(425)] Failed to connect to MCS endpoint with error -105
Oct 17, 2022 19:36:42.309 [3540:31148:1017/193642.309:ERROR:registration_request.cc(249)] Registration URL fetching failed.
Oct 17, 2022 19:36:42.983 [3540:31148:1017/193642.983:ERROR:registration_request.cc(249)] Registration URL fetching failed.
Oct 17, 2022 19:36:45.302 [3540:31148:1017/193645.302:ERROR:registration_request.cc(249)] Registration URL fetching failed.
Oct 17, 2022 19:36:46.917 [3540:31148:1017/193646.916:ERROR:registration_request.cc(249)] Registration URL fetching failed.
Oct 17, 2022 19:38:10.253 [3540:31148:1017/193810.252:ERROR:registration_request.cc(249)] Registration URL fetching failed.
Oct 17, 2022 19:38:22.202 [3540:31148:1017/193822.202:ERROR:connection_factory_impl.cc(425)] Failed to connect to MCS endpoint with error -105
Oct 17, 2022 19:38:24.246 [3540:31148:1017/193824.245:ERROR:registration_request.cc(249)] Registration URL fetching failed.
Oct 17, 2022 19:38:33.03 [3540:31148:1017/193833.003:ERROR:registration_request.cc(249)] Registration URL fetching failed.
Oct 17, 2022 19:38:42.833 [3540:31148:1017/193842.832:ERROR:registration_request.cc(249)] Registration URL fetching failed.

Oct 24, 2022 09:52:27.243 NEW SESSION
Oct 24, 2022 09:52:27.243 [25652:11368:1024/095227.239:ERROR:device_event_log_impl.cc(214)] [09:52:27.239] USB: usb_device_handle_win.cc:1048 Failed to read descriptor from node connection: A device attached to the system is not functioning. (0x1F)
Oct 24, 2022 09:53:20.313 [25652:11928:1024/095320.311:ERROR:util.cc(129)] Can't create base directory: C:\Program Files\Google\GoogleUpdater
Oct 24, 2022 09:54:05.546 [30692:15740:1024/095405.546:ERROR:device_event_log_impl.cc(214)] [09:54:05.546] USB: usb_device_handle_win.cc:1048 Failed to read descriptor from node connection: A device attached to the system is not functioning. (0x1F)
Oct 24, 2022 09:55:03.79 [30692:21868:1024/095503.079:ERROR:util.cc(129)] Can't create base directory: C:\Program Files\Google\GoogleUpdater
